Arguments: 
  /usr/bin/node /usr/share/yarn/bin/yarn.js install

PATH: 
  /home/francisco1code/.local/bin:/usr/local/bin:/usr/bin:/bin:/usr/local/games:/usr/games

Yarn version: 
  1.22.5

Node version: 
  12.21.0

Platform: 
  linux x64

Trace: 
  Error: https://registry.yarnpkg.com/@babel%2fpresent-env: Not found
      at Request.params.callback [as _callback] (/usr/share/yarn/lib/cli.js:66988:18)
      at Request.self.callback (/usr/share/yarn/lib/cli.js:140749:22)
      at Request.emit (events.js:314:20)
      at Request.<anonymous> (/usr/share/yarn/lib/cli.js:141721:10)
      at Request.emit (events.js:314:20)
      at IncomingMessage.<anonymous> (/usr/share/yarn/lib/cli.js:141643:12)
      at Object.onceWrapper (events.js:420:28)
      at IncomingMessage.emit (events.js:326:22)
      at endReadableNT (_stream_readable.js:1241:12)
      at processTicksAndRejections (internal/process/task_queues.js:84:21)

npm manifest: 
  {
      "scripts": {
          "test": "jest --coverage",
          "test:watch": "npm run test -- --watch"
      },
      "devDependencies": {
          "@babel/core": "^7.6.0",
          "@babel/present-env": "^7.6.0",
          "babel-jest": "^24.9.0",
          "jest": "^24.9.0",
          "standard": "^14.3.1"
      },
      "dependencies": {
          "@babel/preset-env": "^7.14.0"
      }
  }

yarn manifest: 
  No manifest

Lockfile: 
  No lockfile
